# JRE version: OpenJDK Runtime Environment (11.0.12+7) (build 11.0.12+7-b1504.28-7817840)
# Java VM: OpenJDK 64-Bit Server VM (11.0.12+7-b1504.28-7817840, mixed mode, tiered, compressed oops, g1 gc, windows-amd64)
Heap:
 garbage-first heap   total 420864K, used 285002K [0x0000000080000000, 0x0000000100000000)
  region size 1024K, 50 young (51200K), 10 survivors (10240K)
 Metaspace       used 231539K, capacity 237583K, committed 238392K, reserved 1255424K
  class space    used 29118K, capacity 31305K, committed 31692K, reserved 1048576K
GC Heap History (20 events):
Event: 12291.524 GC heap before
{Heap before GC invocations=148 (full 1):
 garbage-first heap   total 349184K, used 215642K [0x0000000080000000, 0x0000000100000000)
  region size 1024K, 17 young (17408K), 13 survivors (13312K)
 Metaspace       used 225195K, capacity 231266K, committed 231992K, reserved 1251328K
  class space    used 28398K, capacity 30618K, committed 30668K, reserved 1048576K
}
Event: 12291.537 GC heap after
{Heap after GC invocations=149 (full 1):
 garbage-first heap   total 349184K, used 210787K [0x0000000080000000, 0x0000000100000000)
  region size 1024K, 2 young (2048K), 2 survivors (2048K)
 Metaspace       used 225195K, capacity 231266K, committed 231992K, reserved 1251328K
  class space    used 28398K, capacity 30618K, committed 30668K, reserved 1048576K
}
Event: 12291.641 GC heap before
{Heap before GC invocations=149 (full 1):
 garbage-first heap   total 349184K, used 283491K [0x0000000080000000, 0x0000000100000000)
  region size 1024K, 73 young (74752K), 2 survivors (2048K)
 Metaspace       used 226574K, capacity 232797K, committed 233400K, reserved 1251328K
  class space    used 28659K, capacity 30943K, committed 31052K, reserved 1048576K
}
Event: 12291.655 GC heap after
{Heap after GC invocations=150 (full 1):
 garbage-first heap   total 349184K, used 223281K [0x0000000080000000, 0x0000000100000000)
  region size 1024K, 10 young (10240K), 10 survivors (10240K)
 Metaspace       used 226574K, capacity 232797K, committed 233400K, reserved 1251328K
  class space    used 28659K, capacity 30943K, committed 31052K, reserved 1048576K
}
Event: 12291.883 GC heap before
{Heap before GC invocations=150 (full 1):
 garbage-first heap   total 349184K, used 285745K [0x0000000080000000, 0x0000000100000000)
  region size 1024K, 71 young (72704K), 10 survivors (10240K)
 Metaspace       used 228060K, capacity 233972K, committed 235448K, reserved 1253376K
  class space    used 28816K, capacity 30947K, committed 31564K, reserved 1048576K
}
Event: 12291.899 GC heap after
{Heap after GC invocations=151 (full 1):
 garbage-first heap   total 349184K, used 233164K [0x0000000080000000, 0x0000000100000000)
  region size 1024K, 9 young (9216K), 9 survivors (9216K)
 Metaspace       used 228060K, capacity 233972K, committed 235448K, reserved 1253376K
  class space    used 28816K, capacity 30947K, committed 31564K, reserved 1048576K
}
Event: 12292.036 GC heap before
{Heap before GC invocations=152 (full 1):
 garbage-first heap   total 349184K, used 289484K [0x0000000080000000, 0x0000000100000000)
  region size 1024K, 64 young (65536K), 9 survivors (9216K)
 Metaspace       used 229297K, capacity 235288K, committed 236472K, reserved 1255424K
  class space    used 28988K, capacity 31151K, committed 31564K, reserved 1048576K
}
Event: 12292.051 GC heap after
{Heap after GC invocations=153 (full 1):
 garbage-first heap   total 349184K, used 238104K [0x0000000080000000, 0x0000000100000000)
  region size 1024K, 5 young (5120K), 5 survivors (5120K)
 Metaspace       used 229297K, capacity 235288K, committed 236472K, reserved 1255424K
  class space    used 28988K, capacity 31151K, committed 31564K, reserved 1048576K
}
Event: 12292.071 GC heap before
{Heap before GC invocations=153 (full 1):
 garbage-first heap   total 349184K, used 250392K [0x0000000080000000, 0x0000000100000000)
  region size 1024K, 17 young (17408K), 5 survivors (5120K)
 Metaspace       used 229503K, capacity 235546K, committed 236600K, reserved 1255424K
  class space    used 29017K, capacity 31216K, committed 31692K, reserved 1048576K
}
Event: 12292.084 GC heap after
{Heap after GC invocations=154 (full 1):
 garbage-first heap   total 349184K, used 233574K [0x0000000080000000, 0x0000000100000000)
  region size 1024K, 2 young (2048K), 2 survivors (2048K)
 Metaspace       used 229503K, capacity 235546K, committed 236600K, reserved 1255424K
  class space    used 29017K, capacity 31216K, committed 31692K, reserved 1048576K
}
Event: 12292.211 GC heap before
{Heap before GC invocations=154 (full 1):
 garbage-first heap   total 349184K, used 290918K [0x0000000080000000, 0x0000000100000000)
  region size 1024K, 58 young (59392K), 2 survivors (2048K)
 Metaspace       used 230552K, capacity 236829K, committed 237368K, reserved 1255424K
  class space    used 29202K, capacity 31474K, committed 31692K, reserved 1048576K
}
Event: 12292.218 GC heap after
{Heap after GC invocations=155 (full 1):
 garbage-first heap   total 349184K, used 236455K [0x0000000080000000, 0x0000000100000000)
  region size 1024K, 5 young (5120K), 5 survivors (5120K)
 Metaspace       used 230552K, capacity 236829K, committed 237368K, reserved 1255424K
  class space    used 29202K, capacity 31474K, committed 31692K, reserved 1048576K
}
Event: 12292.395 GC heap before
{Heap before GC invocations=155 (full 1):
 garbage-first heap   total 349184K, used 292775K [0x0000000080000000, 0x0000000100000000)
  region size 1024K, 61 young (62464K), 5 survivors (5120K)
 Metaspace       used 230767K, capacity 237057K, committed 237368K, reserved 1255424K
  class space    used 29224K, capacity 31481K, committed 31692K, reserved 1048576K
}
Event: 12292.400 GC heap after
{Heap after GC invocations=156 (full 1):
 garbage-first heap   total 349184K, used 236082K [0x0000000080000000, 0x0000000100000000)
  region size 1024K, 4 young (4096K), 4 survivors (4096K)
 Metaspace       used 230767K, capacity 237057K, committed 237368K, reserved 1255424K
  class space    used 29224K, capacity 31481K, committed 31692K, reserved 1048576K
}
Event: 12292.632 GC heap before
{Heap before GC invocations=157 (full 1):
 garbage-first heap   total 349184K, used 294450K [0x0000000080000000, 0x0000000100000000)
  region size 1024K, 61 young (62464K), 4 survivors (4096K)
 Metaspace       used 230647K, capacity 236737K, committed 237624K, reserved 1255424K
  class space    used 29123K, capacity 31314K, committed 31692K, reserved 1048576K
}
Event: 12292.641 GC heap after
{Heap after GC invocations=158 (full 1):
 garbage-first heap   total 420864K, used 236986K [0x0000000080000000, 0x0000000100000000)
  region size 1024K, 4 young (4096K), 4 survivors (4096K)
 Metaspace       used 230647K, capacity 236737K, committed 237624K, reserved 1255424K
  class space    used 29123K, capacity 31314K, committed 31692K, reserved 1048576K
}
Event: 12292.677 GC heap before
{Heap before GC invocations=158 (full 1):
 garbage-first heap   total 420864K, used 253370K [0x0000000080000000, 0x0000000100000000)
  region size 1024K, 20 young (20480K), 4 survivors (4096K)
 Metaspace       used 230660K, capacity 236737K, committed 237624K, reserved 1255424K
  class space    used 29123K, capacity 31314K, committed 31692K, reserved 1048576K
}
Event: 12292.683 GC heap after
{Heap after GC invocations=159 (full 1):
 garbage-first heap   total 420864K, used 237680K [0x0000000080000000, 0x0000000100000000)
  region size 1024K, 3 young (3072K), 3 survivors (3072K)
 Metaspace       used 230660K, capacity 236737K, committed 237624K, reserved 1255424K
  class space    used 29123K, capacity 31314K, committed 31692K, reserved 1048576K
}
Event: 12292.916 GC heap before
{Heap before GC invocations=159 (full 1):
 garbage-first heap   total 420864K, used 330864K [0x0000000080000000, 0x0000000100000000)
  region size 1024K, 95 young (97280K), 3 survivors (3072K)
 Metaspace       used 231530K, capacity 237604K, committed 238392K, reserved 1255424K
  class space    used 29134K, capacity 31334K, committed 31692K, reserved 1048576K
}
Event: 12292.928 GC heap after
{Heap after GC invocations=160 (full 1):
 garbage-first heap   total 420864K, used 240506K [0x0000000080000000, 0x0000000100000000)
  region size 1024K, 6 young (6144K), 6 survivors (6144K)
 Metaspace       used 231530K, capacity 237604K, committed 238392K, reserved 1255424K
  class space    used 29134K, capacity 31334K, committed 31692K, reserved 1048576K
}

