# JRE version: OpenJDK Runtime Environment (11.0.12+7) (build 11.0.12+7-b1504.28-7817840)
# Java VM: OpenJDK 64-Bit Server VM (11.0.12+7-b1504.28-7817840, mixed mode, tiered, compressed oops, g1 gc, windows-amd64)
Heap:
 garbage-first heap   total 312320K, used 34654K [0x0000000702e00000, 0x0000000800000000)
  region size 1024K, 13 young (13312K), 10 survivors (10240K)
 Metaspace       used 54264K, capacity 54942K, committed 55248K, reserved 1099776K
  class space    used 6386K, capacity 6680K, committed 6784K, reserved 1048576K
GC Heap History (12 events):
Event: 0.442 GC heap before
{Heap before GC invocations=0 (full 0):
 garbage-first heap   total 260096K, used 27648K [0x0000000702e00000, 0x0000000800000000)
  region size 1024K, 24 young (24576K), 0 survivors (0K)
 Metaspace       used 12339K, capacity 12504K, committed 12800K, reserved 1060864K
  class space    used 1163K, capacity 1207K, committed 1280K, reserved 1048576K
}
Event: 0.445 GC heap after
{Heap after GC invocations=1 (full 0):
 garbage-first heap   total 260096K, used 5760K [0x0000000702e00000, 0x0000000800000000)
  region size 1024K, 3 young (3072K), 3 survivors (3072K)
 Metaspace       used 12339K, capacity 12504K, committed 12800K, reserved 1060864K
  class space    used 1163K, capacity 1207K, committed 1280K, reserved 1048576K
}
Event: 0.920 GC heap before
{Heap before GC invocations=1 (full 0):
 garbage-first heap   total 260096K, used 41600K [0x0000000702e00000, 0x0000000800000000)
  region size 1024K, 39 young (39936K), 3 survivors (3072K)
 Metaspace       used 20883K, capacity 21087K, committed 21296K, reserved 1069056K
  class space    used 2222K, capacity 2312K, committed 2432K, reserved 1048576K
}
Event: 0.929 GC heap after
{Heap after GC invocations=2 (full 0):
 garbage-first heap   total 260096K, used 9216K [0x0000000702e00000, 0x0000000800000000)
  region size 1024K, 6 young (6144K), 6 survivors (6144K)
 Metaspace       used 20883K, capacity 21087K, committed 21296K, reserved 1069056K
  class space    used 2222K, capacity 2312K, committed 2432K, reserved 1048576K
}
Event: 1.732 GC heap before
{Heap before GC invocations=3 (full 0):
 garbage-first heap   total 260096K, used 64512K [0x0000000702e00000, 0x0000000800000000)
  region size 1024K, 55 young (56320K), 6 survivors (6144K)
 Metaspace       used 32794K, capacity 33277K, committed 33456K, reserved 1079296K
  class space    used 4089K, capacity 4279K, committed 4352K, reserved 1048576K
}
Event: 1.742 GC heap after
{Heap after GC invocations=4 (full 0):
 garbage-first heap   total 260096K, used 20463K [0x0000000702e00000, 0x0000000800000000)
  region size 1024K, 7 young (7168K), 7 survivors (7168K)
 Metaspace       used 32794K, capacity 33277K, committed 33456K, reserved 1079296K
  class space    used 4089K, capacity 4279K, committed 4352K, reserved 1048576K
}
Event: 1.907 GC heap before
{Heap before GC invocations=4 (full 0):
 garbage-first heap   total 260096K, used 32751K [0x0000000702e00000, 0x0000000800000000)
  region size 1024K, 20 young (20480K), 7 survivors (7168K)
 Metaspace       used 35281K, capacity 35720K, committed 35920K, reserved 1081344K
  class space    used 4357K, capacity 4539K, committed 4608K, reserved 1048576K
}
Event: 1.916 GC heap after
{Heap after GC invocations=5 (full 0):
 garbage-first heap   total 260096K, used 20339K [0x0000000702e00000, 0x0000000800000000)
  region size 1024K, 6 young (6144K), 6 survivors (6144K)
 Metaspace       used 35281K, capacity 35720K, committed 35920K, reserved 1081344K
  class space    used 4357K, capacity 4539K, committed 4608K, reserved 1048576K
}
Event: 2.131 GC heap before
{Heap before GC invocations=6 (full 0):
 garbage-first heap   total 260096K, used 40819K [0x0000000702e00000, 0x0000000800000000)
  region size 1024K, 26 young (26624K), 6 survivors (6144K)
 Metaspace       used 39033K, capacity 39462K, committed 39888K, reserved 1085440K
  class space    used 4692K, capacity 4866K, committed 4992K, reserved 1048576K
}
Event: 2.137 GC heap after
{Heap after GC invocations=7 (full 0):
 garbage-first heap   total 312320K, used 22613K [0x0000000702e00000, 0x0000000800000000)
  region size 1024K, 4 young (4096K), 4 survivors (4096K)
 Metaspace       used 39033K, capacity 39462K, committed 39888K, reserved 1085440K
  class space    used 4692K, capacity 4866K, committed 4992K, reserved 1048576K
}
Event: 3.892 GC heap before
{Heap before GC invocations=7 (full 0):
 garbage-first heap   total 312320K, used 95317K [0x0000000702e00000, 0x0000000800000000)
  region size 1024K, 73 young (74752K), 4 survivors (4096K)
 Metaspace       used 54133K, capacity 54808K, committed 54992K, reserved 1097728K
  class space    used 6379K, capacity 6678K, committed 6784K, reserved 1048576K
}
Event: 3.901 GC heap after
{Heap after GC invocations=8 (full 0):
 garbage-first heap   total 312320K, used 32606K [0x0000000702e00000, 0x0000000800000000)
  region size 1024K, 10 young (10240K), 10 survivors (10240K)
 Metaspace       used 54133K, capacity 54808K, committed 54992K, reserved 1097728K
  class space    used 6379K, capacity 6678K, committed 6784K, reserved 1048576K
}

